The system is: Linux - 3.5.2 - x86_64
Compiling the C compiler identification source file "CMakeCCompilerId.c" succeeded.
Compiler: /usr/bin/cc 
Build flags: 
Id flags: 

The output was:
0


Compilation of the C compiler identification source "CMakeCCompilerId.c" produced "a.out"

The C compiler identification is GNU, found in "/home/students/inf/j/jp360641/Dokumenty/spellcheck-jp360641/debug/CMakeFiles/2.8.12.2/CompilerIdC/a.out"

Determining if the C compiler works passed with the following output:
Change Dir: /home/students/inf/j/jp360641/Dokumenty/spellcheck-jp360641/debug/CMakeFiles/CMakeTmp

Run Build Command:/usr/bin/gmake "cmTryCompileExec1569577474/fast"
/usr/bin/gmake -f CMakeFiles/cmTryCompileExec1569577474.dir/build.make CMakeFiles/cmTryCompileExec1569577474.dir/build
gmake[1]: Wejście do katalogu '/home/students/inf/j/jp360641/Dokumenty/spellcheck-jp360641/debug/CMakeFiles/CMakeTmp'
/usr/bin/cmake -E cmake_progress_report /home/students/inf/j/jp360641/Dokumenty/spellcheck-jp360641/debug/CMakeFiles/CMakeTmp/CMakeFiles 1
Building C object CMakeFiles/cmTryCompileExec1569577474.dir/testCCompiler.c.o
/usr/bin/cc    -o CMakeFiles/cmTryCompileExec1569577474.dir/testCCompiler.c.o   -c /home/students/inf/j/jp360641/Dokumenty/spellcheck-jp360641/debug/CMakeFiles/CMakeTmp/testCCompiler.c
Linking C executable cmTryCompileExec1569577474
/usr/bin/cmake -E cmake_link_script CMakeFiles/cmTryCompileExec1569577474.dir/link.txt --verbose=1
/usr/bin/cc       CMakeFiles/cmTryCompileExec1569577474.dir/testCCompiler.c.o  -o cmTryCompileExec1569577474 -rdynamic 
gmake[1]: Opuszczenie katalogu '/home/students/inf/j/jp360641/Dokumenty/spellcheck-jp360641/debug/CMakeFiles/CMakeTmp'


Detecting C compiler ABI info compiled with the following output:
Change Dir: /home/students/inf/j/jp360641/Dokumenty/spellcheck-jp360641/debug/CMakeFiles/CMakeTmp

Run Build Command:/usr/bin/gmake "cmTryCompileExec215987981/fast"
/usr/bin/gmake -f CMakeFiles/cmTryCompileExec215987981.dir/build.make CMakeFiles/cmTryCompileExec215987981.dir/build
gmake[1]: Wejście do katalogu '/home/students/inf/j/jp360641/Dokumenty/spellcheck-jp360641/debug/CMakeFiles/CMakeTmp'
/usr/bin/cmake -E cmake_progress_report /home/students/inf/j/jp360641/Dokumenty/spellcheck-jp360641/debug/CMakeFiles/CMakeTmp/CMakeFiles 1
Building C object CMakeFiles/cmTryCompileExec215987981.dir/CMakeCCompilerABI.c.o
/usr/bin/cc    -o CMakeFiles/cmTryCompileExec215987981.dir/CMakeCCompilerABI.c.o   -c /usr/share/cmake/Modules/CMakeCCompilerABI.c
Linking C executable cmTryCompileExec215987981
/usr/bin/cmake -E cmake_link_script CMakeFiles/cmTryCompileExec215987981.dir/link.txt --verbose=1
/usr/bin/cc     -v CMakeFiles/cmTryCompileExec215987981.dir/CMakeCCompilerABI.c.o  -o cmTryCompileExec215987981 -rdynamic  
Reading specs from /usr/lib64/gcc/x86_64-pld-linux/4.8.2/specs
COLLECT_GCC=/usr/bin/cc
COLLECT_LTO_WRAPPER=/usr/lib64/gcc/x86_64-pld-linux/4.8.2/lto-wrapper
Target: x86_64-pld-linux
Configured with: ../configure --prefix=/usr --with-local-prefix=/usr/local --libdir=/usr/lib64 --libexecdir=/usr/lib64 --infodir=/usr/share/info --mandir=/usr/share/man --x-libraries=/usr/lib64 --enable-bootstrap --disable-build-with-cxx --disable-build-poststage1-with-cxx --enable-c99 --enable-checking=release --disable-cld --enable-cloog-backend=isl --enable-cmath --enable-decimal-float --enable-gnu-unique-object --enable-initfini-array --enable-languages=c,c++,fortran,objc,obj-c++,ada,java,go --enable-libgomp --enable-libitm --enable-libmudflap --enable-linker-build-id --enable-linux-futex --enable-long-long --enable-nls --enable-lto --enable-plugin --enable-shared --enable-threads=posix --disable-werror --with-cloog --with-demangler-in-ld --with-gnu-as --with-gnu-ld --with-linker-hash-style=gnu --with-long-double-128 --with-ppl --disable-ppl-version-check --with-slibdir=/lib64 --without-system-libunwind --with-system-zlib --enable-__cxa_atexit --enable-libstdcxx-allocator=new --disable-libstdcxx-pch --enable-libstdcxx-threads --enable-libstdcxx-time=rt --enable-libstdcxx-visibility --enable-symvers=gnu --with-gxx-include-dir=/usr/include/c++/4.8.2 --disable-gconf-peer --enable-gtk-cairo --enable-java-awt=xlib,gtk --enable-jni --enable-libgcj --enable-libgcj-multifile --enable-libgcj-database --disable-libjava-multilib --enable-static-libjava --enable-xmlj --with-pkgversion=PLD-Linux --with-bugurl=http://bugs.pld-linux.org x86_64-pld-linux
Thread model: posix
gcc version 4.8.2 20140130 (release) (PLD-Linux) 
COMPILER_PATH=/usr/lib64/gcc/x86_64-pld-linux/4.8.2/:/usr/lib64/gcc/x86_64-pld-linux/4.8.2/:/usr/lib64/gcc/x86_64-pld-linux/:/usr/lib64/gcc/x86_64-pld-linux/4.8.2/:/usr/lib64/gcc/x86_64-pld-linux/
LIBRARY_PATH=/usr/lib64/gcc/x86_64-pld-linux/4.8.2/:/usr/lib64/gcc/x86_64-pld-linux/4.8.2/../../../../lib64/:/lib/../lib64/:/usr/lib/../lib64/:/usr/lib64/gcc/x86_64-pld-linux/4.8.2/../../../:/lib/:/usr/lib/
COLLECT_GCC_OPTIONS='-v' '-o' 'cmTryCompileExec215987981' '-rdynamic' '-mtune=generic' '-march=x86-64'
 /usr/lib64/gcc/x86_64-pld-linux/4.8.2/collect2 --build-id --eh-frame-hdr --hash-style=gnu -m elf_x86_64 -export-dynamic -dynamic-linker /lib64/ld-linux-x86-64.so.2 -o cmTryCompileExec215987981 /usr/lib64/gcc/x86_64-pld-linux/4.8.2/../../../../lib64/crt1.o /usr/lib64/gcc/x86_64-pld-linux/4.8.2/../../../../lib64/crti.o /usr/lib64/gcc/x86_64-pld-linux/4.8.2/crtbegin.o -L/usr/lib64/gcc/x86_64-pld-linux/4.8.2 -L/usr/lib64/gcc/x86_64-pld-linux/4.8.2/../../../../lib64 -L/lib/../lib64 -L/usr/lib/../lib64 -L/usr/lib64/gcc/x86_64-pld-linux/4.8.2/../../.. CMakeFiles/cmTryCompileExec215987981.dir/CMakeCCompilerABI.c.o -lgcc --as-needed -lgcc_s --no-as-needed -lc -lgcc --as-needed -lgcc_s --no-as-needed /usr/lib64/gcc/x86_64-pld-linux/4.8.2/crtend.o /usr/lib64/gcc/x86_64-pld-linux/4.8.2/../../../../lib64/crtn.o
gmake[1]: Opuszczenie katalogu '/home/students/inf/j/jp360641/Dokumenty/spellcheck-jp360641/debug/CMakeFiles/CMakeTmp'


Parsed C implicit link information from above output:
  link line regex: [^( *|.*[/\])(ld|([^/\]+-)?ld|collect2)[^/\]*( |$)]
  ignore line: [Change Dir: /home/students/inf/j/jp360641/Dokumenty/spellcheck-jp360641/debug/CMakeFiles/CMakeTmp]
  ignore line: []
  ignore line: [Run Build Command:/usr/bin/gmake "cmTryCompileExec215987981/fast"]
  ignore line: [/usr/bin/gmake -f CMakeFiles/cmTryCompileExec215987981.dir/build.make CMakeFiles/cmTryCompileExec215987981.dir/build]
  ignore line: [gmake[1]: Wejście do katalogu '/home/students/inf/j/jp360641/Dokumenty/spellcheck-jp360641/debug/CMakeFiles/CMakeTmp']
  ignore line: [/usr/bin/cmake -E cmake_progress_report /home/students/inf/j/jp360641/Dokumenty/spellcheck-jp360641/debug/CMakeFiles/CMakeTmp/CMakeFiles 1]
  ignore line: [Building C object CMakeFiles/cmTryCompileExec215987981.dir/CMakeCCompilerABI.c.o]
  ignore line: [/usr/bin/cc    -o CMakeFiles/cmTryCompileExec215987981.dir/CMakeCCompilerABI.c.o   -c /usr/share/cmake/Modules/CMakeCCompilerABI.c]
  ignore line: [Linking C executable cmTryCompileExec215987981]
  ignore line: [/usr/bin/cmake -E cmake_link_script CMakeFiles/cmTryCompileExec215987981.dir/link.txt --verbose=1]
  ignore line: [/usr/bin/cc     -v CMakeFiles/cmTryCompileExec215987981.dir/CMakeCCompilerABI.c.o  -o cmTryCompileExec215987981 -rdynamic  ]
  ignore line: [Reading specs from /usr/lib64/gcc/x86_64-pld-linux/4.8.2/specs]
  ignore line: [COLLECT_GCC=/usr/bin/cc]
  ignore line: [COLLECT_LTO_WRAPPER=/usr/lib64/gcc/x86_64-pld-linux/4.8.2/lto-wrapper]
  ignore line: [Target: x86_64-pld-linux]
  ignore line: [Configured with: ../configure --prefix=/usr --with-local-prefix=/usr/local --libdir=/usr/lib64 --libexecdir=/usr/lib64 --infodir=/usr/share/info --mandir=/usr/share/man --x-libraries=/usr/lib64 --enable-bootstrap --disable-build-with-cxx --disable-build-poststage1-with-cxx --enable-c99 --enable-checking=release --disable-cld --enable-cloog-backend=isl --enable-cmath --enable-decimal-float --enable-gnu-unique-object --enable-initfini-array --enable-languages=c,c++,fortran,objc,obj-c++,ada,java,go --enable-libgomp --enable-libitm --enable-libmudflap --enable-linker-build-id --enable-linux-futex --enable-long-long --enable-nls --enable-lto --enable-plugin --enable-shared --enable-threads=posix --disable-werror --with-cloog --with-demangler-in-ld --with-gnu-as --with-gnu-ld --with-linker-hash-style=gnu --with-long-double-128 --with-ppl --disable-ppl-version-check --with-slibdir=/lib64 --without-system-libunwind --with-system-zlib --enable-__cxa_atexit --enable-libstdcxx-allocator=new --disable-libstdcxx-pch --enable-libstdcxx-threads --enable-libstdcxx-time=rt --enable-libstdcxx-visibility --enable-symvers=gnu --with-gxx-include-dir=/usr/include/c++/4.8.2 --disable-gconf-peer --enable-gtk-cairo --enable-java-awt=xlib,gtk --enable-jni --enable-libgcj --enable-libgcj-multifile --enable-libgcj-database --disable-libjava-multilib --enable-static-libjava --enable-xmlj --with-pkgversion=PLD-Linux --with-bugurl=http://bugs.pld-linux.org x86_64-pld-linux]
  ignore line: [Thread model: posix]
  ignore line: [gcc version 4.8.2 20140130 (release) (PLD-Linux) ]
  ignore line: [COMPILER_PATH=/usr/lib64/gcc/x86_64-pld-linux/4.8.2/:/usr/lib64/gcc/x86_64-pld-linux/4.8.2/:/usr/lib64/gcc/x86_64-pld-linux/:/usr/lib64/gcc/x86_64-pld-linux/4.8.2/:/usr/lib64/gcc/x86_64-pld-linux/]
  ignore line: [LIBRARY_PATH=/usr/lib64/gcc/x86_64-pld-linux/4.8.2/:/usr/lib64/gcc/x86_64-pld-linux/4.8.2/../../../../lib64/:/lib/../lib64/:/usr/lib/../lib64/:/usr/lib64/gcc/x86_64-pld-linux/4.8.2/../../../:/lib/:/usr/lib/]
  ignore line: [COLLECT_GCC_OPTIONS='-v' '-o' 'cmTryCompileExec215987981' '-rdynamic' '-mtune=generic' '-march=x86-64']
  link line: [ /usr/lib64/gcc/x86_64-pld-linux/4.8.2/collect2 --build-id --eh-frame-hdr --hash-style=gnu -m elf_x86_64 -export-dynamic -dynamic-linker /lib64/ld-linux-x86-64.so.2 -o cmTryCompileExec215987981 /usr/lib64/gcc/x86_64-pld-linux/4.8.2/../../../../lib64/crt1.o /usr/lib64/gcc/x86_64-pld-linux/4.8.2/../../../../lib64/crti.o /usr/lib64/gcc/x86_64-pld-linux/4.8.2/crtbegin.o -L/usr/lib64/gcc/x86_64-pld-linux/4.8.2 -L/usr/lib64/gcc/x86_64-pld-linux/4.8.2/../../../../lib64 -L/lib/../lib64 -L/usr/lib/../lib64 -L/usr/lib64/gcc/x86_64-pld-linux/4.8.2/../../.. CMakeFiles/cmTryCompileExec215987981.dir/CMakeCCompilerABI.c.o -lgcc --as-needed -lgcc_s --no-as-needed -lc -lgcc --as-needed -lgcc_s --no-as-needed /usr/lib64/gcc/x86_64-pld-linux/4.8.2/crtend.o /usr/lib64/gcc/x86_64-pld-linux/4.8.2/../../../../lib64/crtn.o]
    arg [/usr/lib64/gcc/x86_64-pld-linux/4.8.2/collect2] ==> ignore
    arg [--build-id] ==> ignore
    arg [--eh-frame-hdr] ==> ignore
    arg [--hash-style=gnu] ==> ignore
    arg [-m] ==> ignore
    arg [elf_x86_64] ==> ignore
    arg [-export-dynamic] ==> ignore
    arg [-dynamic-linker] ==> ignore
    arg [/lib64/ld-linux-x86-64.so.2] ==> ignore
    arg [-o] ==> ignore
    arg [cmTryCompileExec215987981] ==> ignore
    arg [/usr/lib64/gcc/x86_64-pld-linux/4.8.2/../../../../lib64/crt1.o] ==> ignore
    arg [/usr/lib64/gcc/x86_64-pld-linux/4.8.2/../../../../lib64/crti.o] ==> ignore
    arg [/usr/lib64/gcc/x86_64-pld-linux/4.8.2/crtbegin.o] ==> ignore
    arg [-L/usr/lib64/gcc/x86_64-pld-linux/4.8.2] ==> dir [/usr/lib64/gcc/x86_64-pld-linux/4.8.2]
    arg [-L/usr/lib64/gcc/x86_64-pld-linux/4.8.2/../../../../lib64] ==> dir [/usr/lib64/gcc/x86_64-pld-linux/4.8.2/../../../../lib64]
    arg [-L/lib/../lib64] ==> dir [/lib/../lib64]
    arg [-L/usr/lib/../lib64] ==> dir [/usr/lib/../lib64]
    arg [-L/usr/lib64/gcc/x86_64-pld-linux/4.8.2/../../..] ==> dir [/usr/lib64/gcc/x86_64-pld-linux/4.8.2/../../..]
    arg [CMakeFiles/cmTryCompileExec215987981.dir/CMakeCCompilerABI.c.o] ==> ignore
    arg [-lgcc] ==> lib [gcc]
    arg [--as-needed] ==> ignore
    arg [-lgcc_s] ==> lib [gcc_s]
    arg [--no-as-needed] ==> ignore
    arg [-lc] ==> lib [c]
    arg [-lgcc] ==> lib [gcc]
    arg [--as-needed] ==> ignore
    arg [-lgcc_s] ==> lib [gcc_s]
    arg [--no-as-needed] ==> ignore
    arg [/usr/lib64/gcc/x86_64-pld-linux/4.8.2/crtend.o] ==> ignore
    arg [/usr/lib64/gcc/x86_64-pld-linux/4.8.2/../../../../lib64/crtn.o] ==> ignore
  remove lib [gcc]
  remove lib [gcc_s]
  remove lib [gcc]
  remove lib [gcc_s]
  collapse library dir [/usr/lib64/gcc/x86_64-pld-linux/4.8.2] ==> [/usr/lib64/gcc/x86_64-pld-linux/4.8.2]
  collapse library dir [/usr/lib64/gcc/x86_64-pld-linux/4.8.2/../../../../lib64] ==> [/usr/lib64]
  collapse library dir [/lib/../lib64] ==> [/lib64]
  collapse library dir [/usr/lib/../lib64] ==> [/usr/lib64]
  collapse library dir [/usr/lib64/gcc/x86_64-pld-linux/4.8.2/../../..] ==> [/usr/lib64]
  implicit libs: [c]
  implicit dirs: [/usr/lib64/gcc/x86_64-pld-linux/4.8.2;/usr/lib64;/lib64]
  implicit fwks: []


